  [1m[35m (1052.3ms)[0m  [1m[35mCREATE DATABASE "music_app_3_development" ENCODING = 'unicode'[0m
  ↳ /var/lib/gems/2.5.0/gems/rake-12.3.3/lib/rake/task.rb:273
  [1m[35m (442.1ms)[0m  [1m[35mCREATE DATABASE "music_app_3_test" ENCODING = 'unicode'[0m
  ↳ /var/lib/gems/2.5.0/gems/rake-12.3.3/lib/rake/task.rb:273
  [1m[35m (169.1ms)[0m  [1m[35mCREATE TABLE "schema_migrations" ("version" character varying NOT NULL PRIMARY KEY)[0m
  ↳ /var/lib/gems/2.5.0/gems/rake-12.3.3/lib/rake/task.rb:273
  [1m[35m (53.3ms)[0m  [1m[35mCREATE TABLE "ar_internal_metadata" ("key" character varying NOT NULL PRIMARY KEY, "value" character varying, "created_at" timestamp NOT NULL, "updated_at" timestamp NOT NULL)[0m
  ↳ /var/lib/gems/2.5.0/gems/rake-12.3.3/lib/rake/task.rb:273
  [1m[35m (37.7ms)[0m  [1m[34mSELECT pg_try_advisory_lock(3436136348486319135)[0m
  ↳ /var/lib/gems/2.5.0/gems/rake-12.3.3/lib/rake/task.rb:273
  [1m[35m (0.5ms)[0m  [1m[34mSELECT "schema_migrations"."version" FROM "schema_migrations" ORDER BY "schema_migrations"."version" ASC[0m
  ↳ /var/lib/gems/2.5.0/gems/rake-12.3.3/lib/rake/task.rb:273
Migrating to CreateBands (20190726221611)
  [1m[35m (0.1ms)[0m  [1m[35mBEGIN[0m
  ↳ /var/lib/gems/2.5.0/gems/rake-12.3.3/lib/rake/task.rb:273
  [1m[35m (72.8ms)[0m  [1m[35mCREATE TABLE "bands" ("id" bigserial primary key, "name" text NOT NULL, "created_at" timestamp NOT NULL, "updated_at" timestamp NOT NULL)[0m
  ↳ db/migrate/20190726221611_create_bands.rb:3
  [1m[36mActiveRecord::SchemaMigration Create (2.0ms)[0m  [1m[32mINSERT INTO "schema_migrations" ("version") VALUES ($1) RETURNING "version"[0m  [["version", "20190726221611"]]
  ↳ /var/lib/gems/2.5.0/gems/rake-12.3.3/lib/rake/task.rb:273
  [1m[35m (9.4ms)[0m  [1m[35mCOMMIT[0m
  ↳ /var/lib/gems/2.5.0/gems/rake-12.3.3/lib/rake/task.rb:273
Migrating to CreateAlbums (20190726221624)
  [1m[35m (0.8ms)[0m  [1m[35mBEGIN[0m
  ↳ /var/lib/gems/2.5.0/gems/rake-12.3.3/lib/rake/task.rb:273
  [1m[35m (50.0ms)[0m  [1m[35mCREATE TABLE "albums" ("id" bigserial primary key, "title" text NOT NULL, "year" integer NOT NULL, "music_type" boolean DEFAULT TRUE NOT NULL, "created_at" timestamp NOT NULL, "updated_at" timestamp NOT NULL)[0m
  ↳ db/migrate/20190726221624_create_albums.rb:3
  [1m[36mActiveRecord::SchemaMigration Create (0.3ms)[0m  [1m[32mINSERT INTO "schema_migrations" ("version") VALUES ($1) RETURNING "version"[0m  [["version", "20190726221624"]]
  ↳ /var/lib/gems/2.5.0/gems/rake-12.3.3/lib/rake/task.rb:273
  [1m[35m (9.9ms)[0m  [1m[35mCOMMIT[0m
  ↳ /var/lib/gems/2.5.0/gems/rake-12.3.3/lib/rake/task.rb:273
Migrating to CreateTracks (20190726221630)
  [1m[35m (0.3ms)[0m  [1m[35mBEGIN[0m
  ↳ /var/lib/gems/2.5.0/gems/rake-12.3.3/lib/rake/task.rb:273
  [1m[35m (153.6ms)[0m  [1m[35mCREATE TABLE "tracks" ("id" bigserial primary key, "track_id" integer NOT NULL, "title" text NOT NULL, "ord" integer NOT NULL, "lyrics" text, "track_type" boolean DEFAULT TRUE NOT NULL, "created_at" timestamp NOT NULL, "updated_at" timestamp NOT NULL)[0m
  ↳ db/migrate/20190726221630_create_tracks.rb:3
  [1m[36mActiveRecord::SchemaMigration Create (0.7ms)[0m  [1m[32mINSERT INTO "schema_migrations" ("version") VALUES ($1) RETURNING "version"[0m  [["version", "20190726221630"]]
  ↳ /var/lib/gems/2.5.0/gems/rake-12.3.3/lib/rake/task.rb:273
  [1m[35m (7.8ms)[0m  [1m[35mCOMMIT[0m
  ↳ /var/lib/gems/2.5.0/gems/rake-12.3.3/lib/rake/task.rb:273
  [1m[36mActiveRecord::InternalMetadata Load (0.6ms)[0m  [1m[34mSELECT  "ar_internal_metadata".* FROM "ar_internal_metadata" WHERE "ar_internal_metadata"."key" = $1 LIMIT $2[0m  [["key", "environment"], ["LIMIT", 1]]
  ↳ /var/lib/gems/2.5.0/gems/rake-12.3.3/lib/rake/task.rb:273
  [1m[35m (0.7ms)[0m  [1m[35mBEGIN[0m
  ↳ /var/lib/gems/2.5.0/gems/rake-12.3.3/lib/rake/task.rb:273
  [1m[36mActiveRecord::InternalMetadata Create (0.8ms)[0m  [1m[32mINSERT INTO "ar_internal_metadata" ("key", "value", "created_at", "updated_at") VALUES ($1, $2, $3, $4) RETURNING "key"[0m  [["key", "environment"], ["value", "development"], ["created_at", "2019-07-26 22:17:48.588859"], ["updated_at", "2019-07-26 22:17:48.588859"]]
  ↳ /var/lib/gems/2.5.0/gems/rake-12.3.3/lib/rake/task.rb:273
  [1m[35m (36.6ms)[0m  [1m[35mCOMMIT[0m
  ↳ /var/lib/gems/2.5.0/gems/rake-12.3.3/lib/rake/task.rb:273
  [1m[35m (0.7ms)[0m  [1m[34mSELECT pg_advisory_unlock(3436136348486319135)[0m
  ↳ /var/lib/gems/2.5.0/gems/rake-12.3.3/lib/rake/task.rb:273
  [1m[35m (0.7ms)[0m  [1m[34mSELECT "schema_migrations"."version" FROM "schema_migrations" ORDER BY "schema_migrations"."version" ASC[0m
  ↳ /var/lib/gems/2.5.0/gems/rake-12.3.3/lib/rake/task.rb:273
  [1m[35m (0.2ms)[0m  [1m[34mSELECT pg_try_advisory_lock(3436136348486319135)[0m
  ↳ /var/lib/gems/2.5.0/gems/rake-12.3.3/lib/rake/task.rb:273
  [1m[35m (0.8ms)[0m  [1m[34mSELECT "schema_migrations"."version" FROM "schema_migrations" ORDER BY "schema_migrations"."version" ASC[0m
  ↳ /var/lib/gems/2.5.0/gems/rake-12.3.3/lib/rake/task.rb:273
Migrating to AddAlbumId (20190726221823)
  [1m[35m (0.7ms)[0m  [1m[34mSELECT pg_advisory_unlock(3436136348486319135)[0m
  ↳ /var/lib/gems/2.5.0/gems/rake-12.3.3/lib/rake/task.rb:273
  [1m[35m (0.2ms)[0m  [1m[34mSELECT pg_try_advisory_lock(3436136348486319135)[0m
  ↳ /var/lib/gems/2.5.0/gems/rake-12.3.3/lib/rake/task.rb:273
  [1m[35m (0.5ms)[0m  [1m[34mSELECT "schema_migrations"."version" FROM "schema_migrations" ORDER BY "schema_migrations"."version" ASC[0m
  ↳ /var/lib/gems/2.5.0/gems/rake-12.3.3/lib/rake/task.rb:273
Migrating to AddAlbumId (20190726221823)
  [1m[35m (0.1ms)[0m  [1m[35mBEGIN[0m
  ↳ /var/lib/gems/2.5.0/gems/rake-12.3.3/lib/rake/task.rb:273
  [1m[35m (0.5ms)[0m  [1m[35mALTER TABLE "albums" ADD "album_id" integer NOT NULL[0m
  ↳ db/migrate/20190726221823_add_album_id.rb:3
  [1m[35m (34.9ms)[0m  [1m[35mCREATE UNIQUE INDEX  "index_albums_on_album_id" ON "albums"  ("album_id")[0m
  ↳ db/migrate/20190726221823_add_album_id.rb:5
  [1m[35m (19.5ms)[0m  [1m[35mCREATE UNIQUE INDEX  "index_albums_on_title" ON "albums"  ("title")[0m
  ↳ db/migrate/20190726221823_add_album_id.rb:7
  [1m[35m (18.6ms)[0m  [1m[35mCREATE UNIQUE INDEX  "index_bands_on_name" ON "bands"  ("name")[0m
  ↳ db/migrate/20190726221823_add_album_id.rb:8
  [1m[35m (17.0ms)[0m  [1m[35mCREATE UNIQUE INDEX  "index_tracks_on_title" ON "tracks"  ("title")[0m
  ↳ db/migrate/20190726221823_add_album_id.rb:9
  [1m[36mActiveRecord::SchemaMigration Create (0.6ms)[0m  [1m[32mINSERT INTO "schema_migrations" ("version") VALUES ($1) RETURNING "version"[0m  [["version", "20190726221823"]]
  ↳ /var/lib/gems/2.5.0/gems/rake-12.3.3/lib/rake/task.rb:273
  [1m[35m (4.6ms)[0m  [1m[35mCOMMIT[0m
  ↳ /var/lib/gems/2.5.0/gems/rake-12.3.3/lib/rake/task.rb:273
  [1m[36mActiveRecord::InternalMetadata Load (0.4ms)[0m  [1m[34mSELECT  "ar_internal_metadata".* FROM "ar_internal_metadata" WHERE "ar_internal_metadata"."key" = $1 LIMIT $2[0m  [["key", "environment"], ["LIMIT", 1]]
  ↳ /var/lib/gems/2.5.0/gems/rake-12.3.3/lib/rake/task.rb:273
  [1m[35m (0.3ms)[0m  [1m[35mBEGIN[0m
  ↳ /var/lib/gems/2.5.0/gems/rake-12.3.3/lib/rake/task.rb:273
  [1m[35m (0.3ms)[0m  [1m[35mCOMMIT[0m
  ↳ /var/lib/gems/2.5.0/gems/rake-12.3.3/lib/rake/task.rb:273
  [1m[35m (0.4ms)[0m  [1m[34mSELECT pg_advisory_unlock(3436136348486319135)[0m
  ↳ /var/lib/gems/2.5.0/gems/rake-12.3.3/lib/rake/task.rb:273
  [1m[35m (0.3ms)[0m  [1m[34mSELECT "schema_migrations"."version" FROM "schema_migrations" ORDER BY "schema_migrations"."version" ASC[0m
  ↳ /var/lib/gems/2.5.0/gems/rake-12.3.3/lib/rake/task.rb:273
  [1m[35m (0.8ms)[0m  [1m[34mSELECT "schema_migrations"."version" FROM "schema_migrations" ORDER BY "schema_migrations"."version" ASC[0m
  ↳ /var/lib/gems/2.5.0/gems/annotate-2.7.5/lib/annotate/annotate_models.rb:779
  [1m[35m (0.9ms)[0m  [1m[34mSELECT "schema_migrations"."version" FROM "schema_migrations" ORDER BY "schema_migrations"."version" ASC[0m
  ↳ /var/lib/gems/2.5.0/gems/annotate-2.7.5/lib/annotate/annotate_models.rb:779
  [1m[35m (1.0ms)[0m  [1m[34mSELECT "schema_migrations"."version" FROM "schema_migrations" ORDER BY "schema_migrations"."version" ASC[0m
  ↳ /var/lib/gems/2.5.0/gems/annotate-2.7.5/lib/annotate/annotate_models.rb:779
  [1m[35m (0.4ms)[0m  [1m[34mSELECT "schema_migrations"."version" FROM "schema_migrations" ORDER BY "schema_migrations"."version" ASC[0m
  ↳ /var/lib/gems/2.5.0/gems/annotate-2.7.5/lib/annotate/annotate_models.rb:779
  [1m[35m (1.0ms)[0m  [1m[34mSELECT "schema_migrations"."version" FROM "schema_migrations" ORDER BY "schema_migrations"."version" ASC[0m
  ↳ /var/lib/gems/2.5.0/gems/annotate-2.7.5/lib/annotate/annotate_models.rb:779
  [1m[36mBand Load (18.3ms)[0m  [1m[34mSELECT "bands".* FROM "bands"[0m
  [1m[35m (0.4ms)[0m  [1m[35mBEGIN[0m
  [1m[36mBand Create (1.0ms)[0m  [1m[32mINSERT INTO "bands" ("name", "created_at", "updated_at") VALUES ($1, $2, $3) RETURNING "id"[0m  [["name", "New_band_1"], ["created_at", "2019-07-26 23:25:08.012390"], ["updated_at", "2019-07-26 23:25:08.012390"]]
  [1m[35m (17.5ms)[0m  [1m[35mCOMMIT[0m
  [1m[36mBand Load (1.4ms)[0m  [1m[34mSELECT "bands".* FROM "bands"[0m
  [1m[36mBand Load (1.0ms)[0m  [1m[34mSELECT "bands".* FROM "bands"[0m
  [1m[35m (0.4ms)[0m  [1m[35mBEGIN[0m
  [1m[36mBand Destroy (23.6ms)[0m  [1m[31mDELETE FROM "bands" WHERE "bands"."id" = $1[0m  [["id", 1]]
  [1m[35m (30.1ms)[0m  [1m[35mCOMMIT[0m
  [1m[36mBand Load (1.0ms)[0m  [1m[34mSELECT "bands".* FROM "bands"[0m
  [1m[35m (0.1ms)[0m  [1m[34mSELECT pg_try_advisory_lock(3436136348486319135)[0m
  ↳ /var/lib/gems/2.5.0/gems/rake-12.3.3/lib/rake/task.rb:273
  [1m[35m (0.4ms)[0m  [1m[34mSELECT "schema_migrations"."version" FROM "schema_migrations" ORDER BY "schema_migrations"."version" ASC[0m
  ↳ /var/lib/gems/2.5.0/gems/rake-12.3.3/lib/rake/task.rb:273
Migrating to CreateUsers (20190726232608)
  [1m[35m (0.2ms)[0m  [1m[35mBEGIN[0m
  ↳ /var/lib/gems/2.5.0/gems/rake-12.3.3/lib/rake/task.rb:273
  [1m[35m (98.6ms)[0m  [1m[35mCREATE TABLE "users" ("id" bigserial primary key, "email" character varying NOT NULL, "password_digest" character varying NOT NULL, "session_token" character varying NOT NULL)[0m
  ↳ db/migrate/20190726232608_create_users.rb:3
  [1m[35m (17.6ms)[0m  [1m[35mCREATE UNIQUE INDEX  "index_users_on_email" ON "users"  ("email")[0m
  ↳ db/migrate/20190726232608_create_users.rb:10
  [1m[35m (16.6ms)[0m  [1m[35mCREATE UNIQUE INDEX  "index_users_on_session_token" ON "users"  ("session_token")[0m
  ↳ db/migrate/20190726232608_create_users.rb:11
  [1m[36mActiveRecord::SchemaMigration Create (0.3ms)[0m  [1m[32mINSERT INTO "schema_migrations" ("version") VALUES ($1) RETURNING "version"[0m  [["version", "20190726232608"]]
  ↳ /var/lib/gems/2.5.0/gems/rake-12.3.3/lib/rake/task.rb:273
  [1m[35m (7.9ms)[0m  [1m[35mCOMMIT[0m
  ↳ /var/lib/gems/2.5.0/gems/rake-12.3.3/lib/rake/task.rb:273
  [1m[36mActiveRecord::InternalMetadata Load (0.3ms)[0m  [1m[34mSELECT  "ar_internal_metadata".* FROM "ar_internal_metadata" WHERE "ar_internal_metadata"."key" = $1 LIMIT $2[0m  [["key", "environment"], ["LIMIT", 1]]
  ↳ /var/lib/gems/2.5.0/gems/rake-12.3.3/lib/rake/task.rb:273
  [1m[35m (0.1ms)[0m  [1m[35mBEGIN[0m
  ↳ /var/lib/gems/2.5.0/gems/rake-12.3.3/lib/rake/task.rb:273
  [1m[35m (0.1ms)[0m  [1m[35mCOMMIT[0m
  ↳ /var/lib/gems/2.5.0/gems/rake-12.3.3/lib/rake/task.rb:273
  [1m[35m (0.2ms)[0m  [1m[34mSELECT pg_advisory_unlock(3436136348486319135)[0m
  ↳ /var/lib/gems/2.5.0/gems/rake-12.3.3/lib/rake/task.rb:273
  [1m[35m (0.2ms)[0m  [1m[34mSELECT "schema_migrations"."version" FROM "schema_migrations" ORDER BY "schema_migrations"."version" ASC[0m
  ↳ /var/lib/gems/2.5.0/gems/rake-12.3.3/lib/rake/task.rb:273
  [1m[35m (0.5ms)[0m  [1m[34mSELECT "schema_migrations"."version" FROM "schema_migrations" ORDER BY "schema_migrations"."version" ASC[0m
  ↳ /var/lib/gems/2.5.0/gems/annotate-2.7.5/lib/annotate/annotate_models.rb:779
Started GET "/" for ::1 at 2019-07-26 17:10:32 -0700
  [1m[35m (1.5ms)[0m  [1m[34mSELECT "schema_migrations"."version" FROM "schema_migrations" ORDER BY "schema_migrations"."version" ASC[0m
  ↳ /var/lib/gems/2.5.0/gems/better_errors-2.5.1/lib/better_errors/middleware.rb:84
Processing by Rails::WelcomeController#index as */*
  Rendering /home/abby/.gem/ruby/2.5.0/gems/railties-5.2.3/lib/rails/templates/rails/welcome/index.html.erb
  Rendered /home/abby/.gem/ruby/2.5.0/gems/railties-5.2.3/lib/rails/templates/rails/welcome/index.html.erb (7.1ms)
Completed 200 OK in 214ms (Views: 164.1ms | ActiveRecord: 0.0ms)


Started GET "/bands" for ::1 at 2019-07-26 17:10:49 -0700
Processing by BandsController#index as */*
  Rendering text template
  Rendered text template (0.1ms)
Completed 200 OK in 4ms (Views: 3.0ms | ActiveRecord: 0.0ms)


Started GET "/bands/new" for ::1 at 2019-07-26 17:12:01 -0700
Processing by BandsController#new as */*
  Rendering text template
  Rendered text template (0.0ms)
Completed 200 OK in 1ms (Views: 0.5ms | ActiveRecord: 0.0ms)


Started PATCH "/bands/206" for ::1 at 2019-07-26 17:12:26 -0700
Processing by BandsController#update as */*
  Parameters: {"id"=>"206"}
  Rendering text template
  Rendered text template (0.0ms)
Completed 200 OK in 1ms (Views: 0.4ms | ActiveRecord: 0.0ms)


Started POST "/bands/206" for ::1 at 2019-07-26 17:13:56 -0700
  
ActionController::RoutingError (No route matches [POST] "/bands/206"):
  
actionpack (5.2.3) lib/action_dispatch/middleware/debug_exceptions.rb:65:in `call'
web-console (3.7.0) lib/web_console/middleware.rb:135:in `call_app'
web-console (3.7.0) lib/web_console/middleware.rb:30:in `block in call'
web-console (3.7.0) lib/web_console/middleware.rb:20:in `catch'
web-console (3.7.0) lib/web_console/middleware.rb:20:in `call'
actionpack (5.2.3) lib/action_dispatch/middleware/show_exceptions.rb:33:in `call'
railties (5.2.3) lib/rails/rack/logger.rb:38:in `call_app'
railties (5.2.3) lib/rails/rack/logger.rb:26:in `block in call'
activesupport (5.2.3) lib/active_support/tagged_logging.rb:71:in `block in tagged'
activesupport (5.2.3) lib/active_support/tagged_logging.rb:28:in `tagged'
activesupport (5.2.3) lib/active_support/tagged_logging.rb:71:in `tagged'
railties (5.2.3) lib/rails/rack/logger.rb:26:in `call'
sprockets-rails (3.2.1) lib/sprockets/rails/quiet_assets.rb:13:in `call'
actionpack (5.2.3) lib/action_dispatch/middleware/remote_ip.rb:81:in `call'
actionpack (5.2.3) lib/action_dispatch/middleware/request_id.rb:27:in `call'
rack (2.0.7) lib/rack/method_override.rb:22:in `call'
rack (2.0.7) lib/rack/runtime.rb:22:in `call'
activesupport (5.2.3) lib/active_support/cache/strategy/local_cache_middleware.rb:29:in `call'
actionpack (5.2.3) lib/action_dispatch/middleware/executor.rb:14:in `call'
actionpack (5.2.3) lib/action_dispatch/middleware/static.rb:127:in `call'
rack (2.0.7) lib/rack/sendfile.rb:111:in `call'
railties (5.2.3) lib/rails/engine.rb:524:in `call'
puma (3.12.1) lib/puma/configuration.rb:227:in `call'
puma (3.12.1) lib/puma/server.rb:660:in `handle_request'
puma (3.12.1) lib/puma/server.rb:474:in `process_client'
puma (3.12.1) lib/puma/server.rb:334:in `block in run'
puma (3.12.1) lib/puma/thread_pool.rb:135:in `block in spawn_thread'
Started POST "/bands" for ::1 at 2019-07-26 17:15:12 -0700
Processing by BandsController#create as */*
  Parameters: {"band"=>{":album"=>"3"}}
  Rendering text template
  Rendered text template (0.0ms)
Completed 200 OK in 1ms (Views: 0.4ms | ActiveRecord: 0.0ms)


Started POST "/bands" for ::1 at 2019-07-26 17:15:26 -0700
Processing by BandsController#create as */*
  Parameters: {"params"=>""}
  Rendering text template
  Rendered text template (0.0ms)
Completed 200 OK in 1ms (Views: 0.3ms | ActiveRecord: 0.0ms)


Started GET "/session/new" for ::1 at 2019-07-26 17:16:04 -0700
Processing by SessionsController#new as */*
  Parameters: {"params"=>""}
  Rendering text template
  Rendered text template (0.0ms)
Completed 200 OK in 2ms (Views: 0.9ms | ActiveRecord: 0.0ms)


Started DELETE "/session" for ::1 at 2019-07-26 17:16:26 -0700
Processing by SessionsController#destroy as */*
  Parameters: {"params"=>""}
  Rendering text template
  Rendered text template (0.0ms)
Completed 500 Internal Server Error in 262ms (Views: 0.4ms | ActiveRecord: 0.0ms)



NameError - undefined local variable or method `logout' for #<SessionsController:0x00005648e5cd8988>:
  app/controllers/sessions_controller.rb:24:in `destroy'

Started POST "/users" for ::1 at 2019-07-26 17:42:11 -0700
  [1m[35m (0.9ms)[0m  [1m[34mSELECT "schema_migrations"."version" FROM "schema_migrations" ORDER BY "schema_migrations"."version" ASC[0m
  ↳ /var/lib/gems/2.5.0/gems/better_errors-2.5.1/lib/better_errors/middleware.rb:84
Processing by UsersController#create as */*
Completed 500 Internal Server Error in 7ms (ActiveRecord: 0.0ms)



ArgumentError - Range unspecified. Specify the :in, :within, :maximum, :minimum, or :is option.:
  app/models/user.rb:15:in `<class:User>'
  app/models/user.rb:11:in `<top (required)>'
  app/controllers/users_controller.rb:8:in `create'

  [1m[35m (0.4ms)[0m  [1m[34mSELECT "schema_migrations"."version" FROM "schema_migrations" ORDER BY "schema_migrations"."version" ASC[0m
  ↳ /var/lib/gems/2.5.0/gems/rake-12.3.3/lib/rake/task.rb:273
  [1m[36mTrack Load (31.7ms)[0m  [1m[34mSELECT "tracks".* FROM "tracks"[0m
  ↳ db/seeds.rb:11
  [1m[36mAlbum Load (23.8ms)[0m  [1m[34mSELECT "albums".* FROM "albums"[0m
  ↳ db/seeds.rb:12
  [1m[36mBand Load (1.2ms)[0m  [1m[34mSELECT "bands".* FROM "bands"[0m
  ↳ db/seeds.rb:13
  [1m[35m (0.5ms)[0m  [1m[35mBEGIN[0m
  ↳ db/seeds.rb:15
  [1m[36mBand Create (1.1ms)[0m  [1m[32mINSERT INTO "bands" ("name", "created_at", "updated_at") VALUES ($1, $2, $3) RETURNING "id"[0m  [["name", "Band_1"], ["created_at", "2019-07-27 00:54:09.013142"], ["updated_at", "2019-07-27 00:54:09.013142"]]
  ↳ db/seeds.rb:15
  [1m[35m (23.1ms)[0m  [1m[35mCOMMIT[0m
  ↳ db/seeds.rb:15
  [1m[35m (0.4ms)[0m  [1m[35mBEGIN[0m
  ↳ db/seeds.rb:15
  [1m[36mBand Create (0.9ms)[0m  [1m[32mINSERT INTO "bands" ("name", "created_at", "updated_at") VALUES ($1, $2, $3) RETURNING "id"[0m  [["name", "Band_2"], ["created_at", "2019-07-27 00:54:09.042482"], ["updated_at", "2019-07-27 00:54:09.042482"]]
  ↳ db/seeds.rb:15
  [1m[35m (5.3ms)[0m  [1m[35mCOMMIT[0m
  ↳ db/seeds.rb:15
  [1m[35m (0.4ms)[0m  [1m[35mBEGIN[0m
  ↳ db/seeds.rb:15
  [1m[36mBand Create (0.9ms)[0m  [1m[32mINSERT INTO "bands" ("name", "created_at", "updated_at") VALUES ($1, $2, $3) RETURNING "id"[0m  [["name", "Band_3"], ["created_at", "2019-07-27 00:54:09.053583"], ["updated_at", "2019-07-27 00:54:09.053583"]]
  ↳ db/seeds.rb:15
  [1m[35m (5.7ms)[0m  [1m[35mCOMMIT[0m
  ↳ db/seeds.rb:15
  [1m[35m (0.4ms)[0m  [1m[34mSELECT "schema_migrations"."version" FROM "schema_migrations" ORDER BY "schema_migrations"."version" ASC[0m
  ↳ /var/lib/gems/2.5.0/gems/rake-12.3.3/lib/rake/task.rb:273
  [1m[36mTrack Load (0.4ms)[0m  [1m[34mSELECT "tracks".* FROM "tracks"[0m
  ↳ db/seeds.rb:11
  [1m[36mAlbum Load (0.3ms)[0m  [1m[34mSELECT "albums".* FROM "albums"[0m
  ↳ db/seeds.rb:12
  [1m[36mBand Load (0.3ms)[0m  [1m[34mSELECT "bands".* FROM "bands"[0m
  ↳ db/seeds.rb:13
  [1m[35m (0.2ms)[0m  [1m[35mBEGIN[0m
  ↳ db/seeds.rb:13
  [1m[36mBand Destroy (0.3ms)[0m  [1m[31mDELETE FROM "bands" WHERE "bands"."id" = $1[0m  [["id", 2]]
  ↳ db/seeds.rb:13
  [1m[35m (3.7ms)[0m  [1m[35mCOMMIT[0m
  ↳ db/seeds.rb:13
  [1m[35m (0.1ms)[0m  [1m[35mBEGIN[0m
  ↳ db/seeds.rb:13
  [1m[36mBand Destroy (0.2ms)[0m  [1m[31mDELETE FROM "bands" WHERE "bands"."id" = $1[0m  [["id", 3]]
  ↳ db/seeds.rb:13
  [1m[35m (12.2ms)[0m  [1m[35mCOMMIT[0m
  ↳ db/seeds.rb:13
  [1m[35m (0.1ms)[0m  [1m[35mBEGIN[0m
  ↳ db/seeds.rb:13
  [1m[36mBand Destroy (0.3ms)[0m  [1m[31mDELETE FROM "bands" WHERE "bands"."id" = $1[0m  [["id", 4]]
  ↳ db/seeds.rb:13
  [1m[35m (10.2ms)[0m  [1m[35mCOMMIT[0m
  ↳ db/seeds.rb:13
  [1m[35m (0.1ms)[0m  [1m[35mBEGIN[0m
  ↳ db/seeds.rb:15
  [1m[36mBand Create (0.3ms)[0m  [1m[32mINSERT INTO "bands" ("name", "created_at", "updated_at") VALUES ($1, $2, $3) RETURNING "id"[0m  [["name", "Band_1"], ["created_at", "2019-07-27 01:03:09.452645"], ["updated_at", "2019-07-27 01:03:09.452645"]]
  ↳ db/seeds.rb:15
  [1m[35m (9.2ms)[0m  [1m[35mCOMMIT[0m
  ↳ db/seeds.rb:15
  [1m[35m (0.2ms)[0m  [1m[35mBEGIN[0m
  ↳ db/seeds.rb:15
  [1m[36mBand Create (0.3ms)[0m  [1m[32mINSERT INTO "bands" ("name", "created_at", "updated_at") VALUES ($1, $2, $3) RETURNING "id"[0m  [["name", "Band_2"], ["created_at", "2019-07-27 01:03:09.463610"], ["updated_at", "2019-07-27 01:03:09.463610"]]
  ↳ db/seeds.rb:15
  [1m[35m (9.8ms)[0m  [1m[35mCOMMIT[0m
  ↳ db/seeds.rb:15
  [1m[35m (0.1ms)[0m  [1m[35mBEGIN[0m
  ↳ db/seeds.rb:15
  [1m[36mBand Create (0.3ms)[0m  [1m[32mINSERT INTO "bands" ("name", "created_at", "updated_at") VALUES ($1, $2, $3) RETURNING "id"[0m  [["name", "Band_3"], ["created_at", "2019-07-27 01:03:09.474989"], ["updated_at", "2019-07-27 01:03:09.474989"]]
  ↳ db/seeds.rb:15
  [1m[35m (9.5ms)[0m  [1m[35mCOMMIT[0m
  ↳ db/seeds.rb:15
  [1m[35m (0.2ms)[0m  [1m[35mBEGIN[0m
  ↳ db/seeds.rb:15
  [1m[36mBand Create (0.3ms)[0m  [1m[32mINSERT INTO "bands" ("name", "created_at", "updated_at") VALUES ($1, $2, $3) RETURNING "id"[0m  [["name", "Name_4"], ["created_at", "2019-07-27 01:03:09.486170"], ["updated_at", "2019-07-27 01:03:09.486170"]]
  ↳ db/seeds.rb:15
  [1m[35m (9.6ms)[0m  [1m[35mCOMMIT[0m
  ↳ db/seeds.rb:15
  [1m[35m (0.3ms)[0m  [1m[35mBEGIN[0m
  ↳ db/seeds.rb:17
  [1m[36mAlbum Exists (0.9ms)[0m  [1m[34mSELECT  1 AS one FROM "albums" WHERE "albums"."album_id" = $1 AND "albums"."id" IS NULL LIMIT $2[0m  [["album_id", 1], ["LIMIT", 1]]
  ↳ db/seeds.rb:17
  [1m[36mBand Load (0.7ms)[0m  [1m[34mSELECT  "bands".* FROM "bands" WHERE "bands"."id" = $1 LIMIT $2[0m  [["id", 1], ["LIMIT", 1]]
  ↳ db/seeds.rb:17
  [1m[35m (0.5ms)[0m  [1m[31mROLLBACK[0m
  ↳ db/seeds.rb:17
  [1m[35m (0.4ms)[0m  [1m[34mSELECT "schema_migrations"."version" FROM "schema_migrations" ORDER BY "schema_migrations"."version" ASC[0m
  ↳ /var/lib/gems/2.5.0/gems/rake-12.3.3/lib/rake/task.rb:273
  [1m[36mTrack Load (0.3ms)[0m  [1m[34mSELECT "tracks".* FROM "tracks"[0m
  ↳ db/seeds.rb:11
  [1m[36mAlbum Load (0.4ms)[0m  [1m[34mSELECT "albums".* FROM "albums"[0m
  ↳ db/seeds.rb:12
  [1m[36mBand Load (0.3ms)[0m  [1m[34mSELECT "bands".* FROM "bands"[0m
  ↳ db/seeds.rb:13
  [1m[35m (0.1ms)[0m  [1m[35mBEGIN[0m
  ↳ db/seeds.rb:13
  [1m[36mBand Destroy (0.3ms)[0m  [1m[31mDELETE FROM "bands" WHERE "bands"."id" = $1[0m  [["id", 5]]
  ↳ db/seeds.rb:13
  [1m[35m (10.8ms)[0m  [1m[35mCOMMIT[0m
  ↳ db/seeds.rb:13
  [1m[35m (0.2ms)[0m  [1m[35mBEGIN[0m
  ↳ db/seeds.rb:13
  [1m[36mBand Destroy (0.3ms)[0m  [1m[31mDELETE FROM "bands" WHERE "bands"."id" = $1[0m  [["id", 6]]
  ↳ db/seeds.rb:13
  [1m[35m (9.8ms)[0m  [1m[35mCOMMIT[0m
  ↳ db/seeds.rb:13
  [1m[35m (0.4ms)[0m  [1m[35mBEGIN[0m
  ↳ db/seeds.rb:13
  [1m[36mBand Destroy (0.7ms)[0m  [1m[31mDELETE FROM "bands" WHERE "bands"."id" = $1[0m  [["id", 7]]
  ↳ db/seeds.rb:13
  [1m[35m (107.5ms)[0m  [1m[35mCOMMIT[0m
  ↳ db/seeds.rb:13
  [1m[35m (0.6ms)[0m  [1m[35mBEGIN[0m
  ↳ db/seeds.rb:13
  [1m[36mBand Destroy (1.3ms)[0m  [1m[31mDELETE FROM "bands" WHERE "bands"."id" = $1[0m  [["id", 8]]
  ↳ db/seeds.rb:13
  [1m[35m (5.3ms)[0m  [1m[35mCOMMIT[0m
  ↳ db/seeds.rb:13
  [1m[35m (0.2ms)[0m  [1m[35mBEGIN[0m
  ↳ db/seeds.rb:15
  [1m[36mBand Create (0.4ms)[0m  [1m[32mINSERT INTO "bands" ("name", "created_at", "updated_at") VALUES ($1, $2, $3) RETURNING "id"[0m  [["name", "Band_1"], ["created_at", "2019-07-27 01:04:28.578407"], ["updated_at", "2019-07-27 01:04:28.578407"]]
  ↳ db/seeds.rb:15
  [1m[35m (7.5ms)[0m  [1m[35mCOMMIT[0m
  ↳ db/seeds.rb:15
  [1m[35m (0.2ms)[0m  [1m[35mBEGIN[0m
  ↳ db/seeds.rb:15
  [1m[36mBand Create (0.4ms)[0m  [1m[32mINSERT INTO "bands" ("name", "created_at", "updated_at") VALUES ($1, $2, $3) RETURNING "id"[0m  [["name", "Band_2"], ["created_at", "2019-07-27 01:04:28.588661"], ["updated_at", "2019-07-27 01:04:28.588661"]]
  ↳ db/seeds.rb:15
  [1m[35m (9.0ms)[0m  [1m[35mCOMMIT[0m
  ↳ db/seeds.rb:15
  [1m[35m (0.1ms)[0m  [1m[35mBEGIN[0m
  ↳ db/seeds.rb:15
  [1m[36mBand Create (0.2ms)[0m  [1m[32mINSERT INTO "bands" ("name", "created_at", "updated_at") VALUES ($1, $2, $3) RETURNING "id"[0m  [["name", "Band_3"], ["created_at", "2019-07-27 01:04:28.599689"], ["updated_at", "2019-07-27 01:04:28.599689"]]
  ↳ db/seeds.rb:15
  [1m[35m (9.7ms)[0m  [1m[35mCOMMIT[0m
  ↳ db/seeds.rb:15
  [1m[35m (0.1ms)[0m  [1m[35mBEGIN[0m
  ↳ db/seeds.rb:15
  [1m[36mBand Create (0.3ms)[0m  [1m[32mINSERT INTO "bands" ("name", "created_at", "updated_at") VALUES ($1, $2, $3) RETURNING "id"[0m  [["name", "Name_4"], ["created_at", "2019-07-27 01:04:28.611035"], ["updated_at", "2019-07-27 01:04:28.611035"]]
  ↳ db/seeds.rb:15
  [1m[35m (9.7ms)[0m  [1m[35mCOMMIT[0m
  ↳ db/seeds.rb:15
  [1m[35m (0.4ms)[0m  [1m[35mBEGIN[0m
  ↳ db/seeds.rb:17
  [1m[36mAlbum Exists (0.7ms)[0m  [1m[34mSELECT  1 AS one FROM "albums" WHERE "albums"."album_id" = $1 AND "albums"."id" IS NULL LIMIT $2[0m  [["album_id", 1], ["LIMIT", 1]]
  ↳ db/seeds.rb:17
  [1m[36mBand Load (0.3ms)[0m  [1m[34mSELECT  "bands".* FROM "bands" WHERE "bands"."id" = $1 LIMIT $2[0m  [["id", 1], ["LIMIT", 1]]
  ↳ db/seeds.rb:17
  [1m[35m (0.2ms)[0m  [1m[31mROLLBACK[0m
  ↳ db/seeds.rb:17
  [1m[35m (0.4ms)[0m  [1m[34mSELECT "schema_migrations"."version" FROM "schema_migrations" ORDER BY "schema_migrations"."version" ASC[0m
  ↳ /var/lib/gems/2.5.0/gems/rake-12.3.3/lib/rake/task.rb:273
  [1m[36mTrack Load (0.4ms)[0m  [1m[34mSELECT "tracks".* FROM "tracks"[0m
  ↳ db/seeds.rb:11
  [1m[36mAlbum Load (0.4ms)[0m  [1m[34mSELECT "albums".* FROM "albums"[0m
  ↳ db/seeds.rb:12
  [1m[36mBand Load (0.3ms)[0m  [1m[34mSELECT "bands".* FROM "bands"[0m
  ↳ db/seeds.rb:13
  [1m[35m (0.1ms)[0m  [1m[35mBEGIN[0m
  ↳ db/seeds.rb:13
  [1m[36mBand Destroy (0.3ms)[0m  [1m[31mDELETE FROM "bands" WHERE "bands"."id" = $1[0m  [["id", 9]]
  ↳ db/seeds.rb:13
  [1m[35m (9.1ms)[0m  [1m[35mCOMMIT[0m
  ↳ db/seeds.rb:13
  [1m[35m (0.2ms)[0m  [1m[35mBEGIN[0m
  ↳ db/seeds.rb:13
  [1m[36mBand Destroy (0.3ms)[0m  [1m[31mDELETE FROM "bands" WHERE "bands"."id" = $1[0m  [["id", 10]]
  ↳ db/seeds.rb:13
  [1m[35m (9.9ms)[0m  [1m[35mCOMMIT[0m
  ↳ db/seeds.rb:13
  [1m[35m (0.4ms)[0m  [1m[35mBEGIN[0m
  ↳ db/seeds.rb:13
  [1m[36mBand Destroy (0.9ms)[0m  [1m[31mDELETE FROM "bands" WHERE "bands"."id" = $1[0m  [["id", 11]]
  ↳ db/seeds.rb:13
  [1m[35m (7.0ms)[0m  [1m[35mCOMMIT[0m
  ↳ db/seeds.rb:13
  [1m[35m (0.4ms)[0m  [1m[35mBEGIN[0m
  ↳ db/seeds.rb:13
  [1m[36mBand Destroy (0.7ms)[0m  [1m[31mDELETE FROM "bands" WHERE "bands"."id" = $1[0m  [["id", 12]]
  ↳ db/seeds.rb:13
  [1m[35m (7.5ms)[0m  [1m[35mCOMMIT[0m
  ↳ db/seeds.rb:13
  [1m[35m (0.3ms)[0m  [1m[35mBEGIN[0m
  ↳ db/seeds.rb:15
  [1m[36mBand Create (1.0ms)[0m  [1m[32mINSERT INTO "bands" ("name", "created_at", "updated_at") VALUES ($1, $2, $3) RETURNING "id"[0m  [["name", "Band_1"], ["created_at", "2019-07-27 01:05:07.276657"], ["updated_at", "2019-07-27 01:05:07.276657"]]
  ↳ db/seeds.rb:15
  [1m[35m (4.7ms)[0m  [1m[35mCOMMIT[0m
  ↳ db/seeds.rb:15
  [1m[35m (0.4ms)[0m  [1m[35mBEGIN[0m
  ↳ db/seeds.rb:15
  [1m[36mBand Create (0.9ms)[0m  [1m[32mINSERT INTO "bands" ("name", "created_at", "updated_at") VALUES ($1, $2, $3) RETURNING "id"[0m  [["name", "Band_2"], ["created_at", "2019-07-27 01:05:07.288063"], ["updated_at", "2019-07-27 01:05:07.288063"]]
  ↳ db/seeds.rb:15
  [1m[35m (4.5ms)[0m  [1m[35mCOMMIT[0m
  ↳ db/seeds.rb:15
  [1m[35m (0.3ms)[0m  [1m[35mBEGIN[0m
  ↳ db/seeds.rb:15
  [1m[36mBand Create (0.7ms)[0m  [1m[32mINSERT INTO "bands" ("name", "created_at", "updated_at") VALUES ($1, $2, $3) RETURNING "id"[0m  [["name", "Band_3"], ["created_at", "2019-07-27 01:05:07.298125"], ["updated_at", "2019-07-27 01:05:07.298125"]]
  ↳ db/seeds.rb:15
  [1m[35m (8.1ms)[0m  [1m[35mCOMMIT[0m
  ↳ db/seeds.rb:15
  [1m[35m (0.4ms)[0m  [1m[35mBEGIN[0m
  ↳ db/seeds.rb:15
  [1m[36mBand Create (0.8ms)[0m  [1m[32mINSERT INTO "bands" ("name", "created_at", "updated_at") VALUES ($1, $2, $3) RETURNING "id"[0m  [["name", "Name_4"], ["created_at", "2019-07-27 01:05:07.311367"], ["updated_at", "2019-07-27 01:05:07.311367"]]
  ↳ db/seeds.rb:15
  [1m[35m (5.9ms)[0m  [1m[35mCOMMIT[0m
  ↳ db/seeds.rb:15
  [1m[35m (0.3ms)[0m  [1m[35mBEGIN[0m
  ↳ db/seeds.rb:17
  [1m[36mAlbum Exists (0.7ms)[0m  [1m[34mSELECT  1 AS one FROM "albums" WHERE "albums"."album_id" = $1 AND "albums"."id" IS NULL LIMIT $2[0m  [["album_id", 1], ["LIMIT", 1]]
  ↳ db/seeds.rb:17
  [1m[36mBand Load (0.3ms)[0m  [1m[34mSELECT  "bands".* FROM "bands" WHERE "bands"."id" = $1 LIMIT $2[0m  [["id", 1], ["LIMIT", 1]]
  ↳ db/seeds.rb:17
  [1m[35m (0.2ms)[0m  [1m[31mROLLBACK[0m
  ↳ db/seeds.rb:17
  [1m[35m (0.4ms)[0m  [1m[34mSELECT "schema_migrations"."version" FROM "schema_migrations" ORDER BY "schema_migrations"."version" ASC[0m
  ↳ /var/lib/gems/2.5.0/gems/rake-12.3.3/lib/rake/task.rb:273
  [1m[36mTrack Load (0.4ms)[0m  [1m[34mSELECT "tracks".* FROM "tracks"[0m
  ↳ db/seeds.rb:11
  [1m[36mAlbum Load (0.4ms)[0m  [1m[34mSELECT "albums".* FROM "albums"[0m
  ↳ db/seeds.rb:12
  [1m[36mBand Load (0.4ms)[0m  [1m[34mSELECT "bands".* FROM "bands"[0m
  ↳ db/seeds.rb:13
  [1m[35m (0.2ms)[0m  [1m[35mBEGIN[0m
  ↳ db/seeds.rb:13
  [1m[36mBand Destroy (0.5ms)[0m  [1m[31mDELETE FROM "bands" WHERE "bands"."id" = $1[0m  [["id", 13]]
  ↳ db/seeds.rb:13
  [1m[35m (25.5ms)[0m  [1m[35mCOMMIT[0m
  ↳ db/seeds.rb:13
  [1m[35m (0.1ms)[0m  [1m[35mBEGIN[0m
  ↳ db/seeds.rb:13
  [1m[36mBand Destroy (0.2ms)[0m  [1m[31mDELETE FROM "bands" WHERE "bands"."id" = $1[0m  [["id", 14]]
  ↳ db/seeds.rb:13
  [1m[35m (10.2ms)[0m  [1m[35mCOMMIT[0m
  ↳ db/seeds.rb:13
  [1m[35m (0.2ms)[0m  [1m[35mBEGIN[0m
  ↳ db/seeds.rb:13
  [1m[36mBand Destroy (0.3ms)[0m  [1m[31mDELETE FROM "bands" WHERE "bands"."id" = $1[0m  [["id", 15]]
  ↳ db/seeds.rb:13
  [1m[35m (9.6ms)[0m  [1m[35mCOMMIT[0m
  ↳ db/seeds.rb:13
  [1m[35m (0.2ms)[0m  [1m[35mBEGIN[0m
  ↳ db/seeds.rb:13
  [1m[36mBand Destroy (0.4ms)[0m  [1m[31mDELETE FROM "bands" WHERE "bands"."id" = $1[0m  [["id", 16]]
  ↳ db/seeds.rb:13
  [1m[35m (9.7ms)[0m  [1m[35mCOMMIT[0m
  ↳ db/seeds.rb:13
  [1m[35m (0.3ms)[0m  [1m[35mBEGIN[0m
  ↳ db/seeds.rb:15
  [1m[36mBand Create (0.6ms)[0m  [1m[32mINSERT INTO "bands" ("name", "created_at", "updated_at") VALUES ($1, $2, $3) RETURNING "id"[0m  [["name", "Band_1"], ["created_at", "2019-07-27 01:07:06.474942"], ["updated_at", "2019-07-27 01:07:06.474942"]]
  ↳ db/seeds.rb:15
  [1m[35m (6.4ms)[0m  [1m[35mCOMMIT[0m
  ↳ db/seeds.rb:15
  [1m[35m (0.4ms)[0m  [1m[35mBEGIN[0m
  ↳ db/seeds.rb:15
  [1m[36mBand Create (0.8ms)[0m  [1m[32mINSERT INTO "bands" ("name", "created_at", "updated_at") VALUES ($1, $2, $3) RETURNING "id"[0m  [["name", "Band_2"], ["created_at", "2019-07-27 01:07:06.486052"], ["updated_at", "2019-07-27 01:07:06.486052"]]
  ↳ db/seeds.rb:15
  [1m[35m (5.7ms)[0m  [1m[35mCOMMIT[0m
  ↳ db/seeds.rb:15
  [1m[35m (0.4ms)[0m  [1m[35mBEGIN[0m
  ↳ db/seeds.rb:15
  [1m[36mBand Create (0.9ms)[0m  [1m[32mINSERT INTO "bands" ("name", "created_at", "updated_at") VALUES ($1, $2, $3) RETURNING "id"[0m  [["name", "Band_3"], ["created_at", "2019-07-27 01:07:06.497500"], ["updated_at", "2019-07-27 01:07:06.497500"]]
  ↳ db/seeds.rb:15
  [1m[35m (5.6ms)[0m  [1m[35mCOMMIT[0m
  ↳ db/seeds.rb:15
  [1m[35m (0.4ms)[0m  [1m[35mBEGIN[0m
  ↳ db/seeds.rb:15
  [1m[36mBand Create (0.8ms)[0m  [1m[32mINSERT INTO "bands" ("name", "created_at", "updated_at") VALUES ($1, $2, $3) RETURNING "id"[0m  [["name", "Name_4"], ["created_at", "2019-07-27 01:07:06.508696"], ["updated_at", "2019-07-27 01:07:06.508696"]]
  ↳ db/seeds.rb:15
  [1m[35m (5.9ms)[0m  [1m[35mCOMMIT[0m
  ↳ db/seeds.rb:15
  [1m[35m (0.2ms)[0m  [1m[35mBEGIN[0m
  ↳ db/seeds.rb:17
  [1m[36mAlbum Exists (0.5ms)[0m  [1m[34mSELECT  1 AS one FROM "albums" WHERE "albums"."album_id" = $1 AND "albums"."id" IS NULL LIMIT $2[0m  [["album_id", 1], ["LIMIT", 1]]
  ↳ db/seeds.rb:17
  [1m[36mBand Load (0.3ms)[0m  [1m[34mSELECT  "bands".* FROM "bands" WHERE "bands"."id" = $1 LIMIT $2[0m  [["id", 1], ["LIMIT", 1]]
  ↳ db/seeds.rb:17
  [1m[35m (0.2ms)[0m  [1m[31mROLLBACK[0m
  ↳ db/seeds.rb:17
Started GET "/users/new" for ::1 at 2019-07-26 18:11:37 -0700
  [1m[35m (2.6ms)[0m  [1m[34mSELECT "schema_migrations"."version" FROM "schema_migrations" ORDER BY "schema_migrations"."version" ASC[0m
  ↳ /var/lib/gems/2.5.0/gems/better_errors-2.5.1/lib/better_errors/middleware.rb:84
Processing by UsersController#new as */*
  Rendering text template
  Rendered text template (0.0ms)
Completed 200 OK in 26ms (Views: 16.8ms | ActiveRecord: 0.0ms)


Started POST "/users" for ::1 at 2019-07-26 18:11:51 -0700
Processing by UsersController#create as */*
Completed 500 Internal Server Error in 19ms (ActiveRecord: 0.0ms)



ArgumentError - Range unspecified. Specify the :in, :within, :maximum, :minimum, or :is option.:
  app/models/user.rb:15:in `<class:User>'
  app/models/user.rb:11:in `<top (required)>'
  app/controllers/users_controller.rb:8:in `create'

Started POST "/users" for ::1 at 2019-07-26 18:13:48 -0700
Processing by UsersController#create as */*
  Parameters: {"{email: \"abby@gmail.com\", session_token: \"banana\", password_digest: \"lalala\", password: \"la\" }"=>"[FILTERED]"}
Completed 500 Internal Server Error in 19ms (ActiveRecord: 0.0ms)



ArgumentError - Range unspecified. Specify the :in, :within, :maximum, :minimum, or :is option.:
  app/models/user.rb:15:in `<class:User>'
  app/models/user.rb:11:in `<top (required)>'
  app/controllers/users_controller.rb:8:in `create'

Started POST "/users" for ::1 at 2019-07-26 18:14:01 -0700
Processing by UsersController#create as */*
  Parameters: {"{email: \"abby@gmail.com\", session_token: \"banana\", password_digest: \"lalala\", password: \"lamamamamamam\" }"=>"[FILTERED]"}
Completed 500 Internal Server Error in 2ms (ActiveRecord: 0.0ms)



ArgumentError - Range unspecified. Specify the :in, :within, :maximum, :minimum, or :is option.:
  app/models/user.rb:15:in `<class:User>'
  app/models/user.rb:11:in `<top (required)>'
  app/controllers/users_controller.rb:8:in `create'

Started POST "/session" for ::1 at 2019-07-26 18:14:42 -0700
Processing by SessionsController#create as */*
  Parameters: {"{email: \"abby@gmail.com\", session_token: \"banana\", password_digest: \"lalala\", password: \"lamamamamamam\" }"=>"[FILTERED]"}
  Rendering text template
  Rendered text template (0.1ms)
Completed 500 Internal Server Error in 8ms (Views: 1.9ms | ActiveRecord: 0.0ms)



ArgumentError - Range unspecified. Specify the :in, :within, :maximum, :minimum, or :is option.:
  app/models/user.rb:15:in `<class:User>'
  app/models/user.rb:11:in `<top (required)>'
  app/controllers/sessions_controller.rb:13:in `create'

Started POST "/session" for ::1 at 2019-07-26 18:14:54 -0700
Processing by SessionsController#create as */*
  Parameters: {"{email: \"abby@gmail.com\", session_token: \"banana\", password_digest: \"lalala\", password: \"lamamamamamam\" }"=>"[FILTERED]"}
  Rendering text template
  Rendered text template (0.0ms)
Completed 500 Internal Server Error in 3ms (Views: 0.6ms | ActiveRecord: 0.0ms)



ArgumentError - Range unspecified. Specify the :in, :within, :maximum, :minimum, or :is option.:
  app/models/user.rb:15:in `<class:User>'
  app/models/user.rb:11:in `<top (required)>'
  app/controllers/sessions_controller.rb:13:in `create'

Started GET "/session/new" for ::1 at 2019-07-26 18:15:42 -0700
Processing by SessionsController#new as */*
  Parameters: {"{email: \"abby@gmail.com\", session_token: \"banana\", password_digest: \"lalala\", password: \"lamamamamamam\" }"=>"[FILTERED]"}
  Rendering text template
  Rendered text template (0.0ms)
Completed 200 OK in 1ms (Views: 0.4ms | ActiveRecord: 0.0ms)


Started DELETE "/session" for ::1 at 2019-07-26 18:15:54 -0700
Processing by SessionsController#destroy as */*
  Parameters: {"{email: \"abby@gmail.com\", session_token: \"banana\", password_digest: \"lalala\", password: \"lamamamamamam\" }"=>"[FILTERED]"}
  Rendering text template
  Rendered text template (0.0ms)
Completed 500 Internal Server Error in 344ms (Views: 0.3ms | ActiveRecord: 0.0ms)



NameError - undefined local variable or method `logout' for #<SessionsController:0x0000563fecb6e158>:
  app/controllers/sessions_controller.rb:24:in `destroy'

  [1m[35m (0.4ms)[0m  [1m[34mSELECT "schema_migrations"."version" FROM "schema_migrations" ORDER BY "schema_migrations"."version" ASC[0m
  ↳ /var/lib/gems/2.5.0/gems/rake-12.3.3/lib/rake/task.rb:273
  [1m[36mTrack Load (0.3ms)[0m  [1m[34mSELECT "tracks".* FROM "tracks"[0m
  ↳ db/seeds.rb:11
  [1m[36mAlbum Load (0.3ms)[0m  [1m[34mSELECT "albums".* FROM "albums"[0m
  ↳ db/seeds.rb:12
  [1m[36mBand Load (0.3ms)[0m  [1m[34mSELECT "bands".* FROM "bands"[0m
  ↳ db/seeds.rb:13
  [1m[35m (0.2ms)[0m  [1m[35mBEGIN[0m
  ↳ db/seeds.rb:13
  [1m[36mBand Destroy (0.3ms)[0m  [1m[31mDELETE FROM "bands" WHERE "bands"."id" = $1[0m  [["id", 17]]
  ↳ db/seeds.rb:13
  [1m[35m (10.3ms)[0m  [1m[35mCOMMIT[0m
  ↳ db/seeds.rb:13
  [1m[35m (0.3ms)[0m  [1m[35mBEGIN[0m
  ↳ db/seeds.rb:13
  [1m[36mBand Destroy (0.6ms)[0m  [1m[31mDELETE FROM "bands" WHERE "bands"."id" = $1[0m  [["id", 18]]
  ↳ db/seeds.rb:13
  [1m[35m (7.7ms)[0m  [1m[35mCOMMIT[0m
  ↳ db/seeds.rb:13
  [1m[35m (0.3ms)[0m  [1m[35mBEGIN[0m
  ↳ db/seeds.rb:13
  [1m[36mBand Destroy (0.7ms)[0m  [1m[31mDELETE FROM "bands" WHERE "bands"."id" = $1[0m  [["id", 19]]
  ↳ db/seeds.rb:13
  [1m[35m (7.7ms)[0m  [1m[35mCOMMIT[0m
  ↳ db/seeds.rb:13
  [1m[35m (0.4ms)[0m  [1m[35mBEGIN[0m
  ↳ db/seeds.rb:13
  [1m[36mBand Destroy (0.8ms)[0m  [1m[31mDELETE FROM "bands" WHERE "bands"."id" = $1[0m  [["id", 20]]
  ↳ db/seeds.rb:13
  [1m[35m (6.9ms)[0m  [1m[35mCOMMIT[0m
  ↳ db/seeds.rb:13
  [1m[35m (0.4ms)[0m  [1m[35mBEGIN[0m
  ↳ db/seeds.rb:15
  [1m[36mBand Create (1.0ms)[0m  [1m[32mINSERT INTO "bands" ("name", "created_at", "updated_at") VALUES ($1, $2, $3) RETURNING "id"[0m  [["name", "Band_1"], ["created_at", "2019-07-27 01:22:22.053523"], ["updated_at", "2019-07-27 01:22:22.053523"]]
  ↳ db/seeds.rb:15
  [1m[35m (3.0ms)[0m  [1m[35mCOMMIT[0m
  ↳ db/seeds.rb:15
  [1m[35m (0.3ms)[0m  [1m[35mBEGIN[0m
  ↳ db/seeds.rb:15
  [1m[36mBand Create (1.0ms)[0m  [1m[32mINSERT INTO "bands" ("name", "created_at", "updated_at") VALUES ($1, $2, $3) RETURNING "id"[0m  [["name", "Band_2"], ["created_at", "2019-07-27 01:22:22.063325"], ["updated_at", "2019-07-27 01:22:22.063325"]]
  ↳ db/seeds.rb:15
  [1m[35m (5.2ms)[0m  [1m[35mCOMMIT[0m
  ↳ db/seeds.rb:15
  [1m[35m (0.1ms)[0m  [1m[35mBEGIN[0m
  ↳ db/seeds.rb:15
  [1m[36mBand Create (0.3ms)[0m  [1m[32mINSERT INTO "bands" ("name", "created_at", "updated_at") VALUES ($1, $2, $3) RETURNING "id"[0m  [["name", "Band_3"], ["created_at", "2019-07-27 01:22:22.072796"], ["updated_at", "2019-07-27 01:22:22.072796"]]
  ↳ db/seeds.rb:15
  [1m[35m (9.4ms)[0m  [1m[35mCOMMIT[0m
  ↳ db/seeds.rb:15
  [1m[35m (0.1ms)[0m  [1m[35mBEGIN[0m
  ↳ db/seeds.rb:15
  [1m[36mBand Create (0.3ms)[0m  [1m[32mINSERT INTO "bands" ("name", "created_at", "updated_at") VALUES ($1, $2, $3) RETURNING "id"[0m  [["name", "Name_4"], ["created_at", "2019-07-27 01:22:22.083827"], ["updated_at", "2019-07-27 01:22:22.083827"]]
  ↳ db/seeds.rb:15
  [1m[35m (9.9ms)[0m  [1m[35mCOMMIT[0m
  ↳ db/seeds.rb:15
  [1m[35m (0.2ms)[0m  [1m[35mBEGIN[0m
  ↳ db/seeds.rb:17
  [1m[36mAlbum Exists (0.3ms)[0m  [1m[34mSELECT  1 AS one FROM "albums" WHERE "albums"."album_id" = $1 AND "albums"."id" IS NULL LIMIT $2[0m  [["album_id", 1], ["LIMIT", 1]]
  ↳ db/seeds.rb:17
  [1m[36mBand Load (0.2ms)[0m  [1m[34mSELECT  "bands".* FROM "bands" WHERE "bands"."id" = $1 LIMIT $2[0m  [["id", 1], ["LIMIT", 1]]
  ↳ db/seeds.rb:17
  [1m[35m (0.1ms)[0m  [1m[31mROLLBACK[0m
  ↳ db/seeds.rb:17
  [1m[35m (0.4ms)[0m  [1m[34mSELECT "schema_migrations"."version" FROM "schema_migrations" ORDER BY "schema_migrations"."version" ASC[0m
  ↳ /var/lib/gems/2.5.0/gems/rake-12.3.3/lib/rake/task.rb:273
  [1m[36mTrack Load (0.4ms)[0m  [1m[34mSELECT "tracks".* FROM "tracks"[0m
  ↳ db/seeds.rb:11
  [1m[36mAlbum Load (0.4ms)[0m  [1m[34mSELECT "albums".* FROM "albums"[0m
  ↳ db/seeds.rb:12
  [1m[36mBand Load (0.3ms)[0m  [1m[34mSELECT "bands".* FROM "bands"[0m
  ↳ db/seeds.rb:13
  [1m[35m (0.2ms)[0m  [1m[35mBEGIN[0m
  ↳ db/seeds.rb:13
  [1m[36mBand Destroy (0.4ms)[0m  [1m[31mDELETE FROM "bands" WHERE "bands"."id" = $1[0m  [["id", 21]]
  ↳ db/seeds.rb:13
  [1m[35m (2.8ms)[0m  [1m[35mCOMMIT[0m
  ↳ db/seeds.rb:13
  [1m[35m (0.1ms)[0m  [1m[35mBEGIN[0m
  ↳ db/seeds.rb:13
  [1m[36mBand Destroy (0.2ms)[0m  [1m[31mDELETE FROM "bands" WHERE "bands"."id" = $1[0m  [["id", 22]]
  ↳ db/seeds.rb:13
  [1m[35m (10.5ms)[0m  [1m[35mCOMMIT[0m
  ↳ db/seeds.rb:13
  [1m[35m (0.1ms)[0m  [1m[35mBEGIN[0m
  ↳ db/seeds.rb:13
  [1m[36mBand Destroy (0.2ms)[0m  [1m[31mDELETE FROM "bands" WHERE "bands"."id" = $1[0m  [["id", 23]]
  ↳ db/seeds.rb:13
  [1m[35m (10.4ms)[0m  [1m[35mCOMMIT[0m
  ↳ db/seeds.rb:13
  [1m[35m (0.1ms)[0m  [1m[35mBEGIN[0m
  ↳ db/seeds.rb:13
  [1m[36mBand Destroy (0.2ms)[0m  [1m[31mDELETE FROM "bands" WHERE "bands"."id" = $1[0m  [["id", 24]]
  ↳ db/seeds.rb:13
  [1m[35m (10.2ms)[0m  [1m[35mCOMMIT[0m
  ↳ db/seeds.rb:13
  [1m[35m (0.4ms)[0m  [1m[35mBEGIN[0m
  ↳ db/seeds.rb:15
  [1m[36mBand Create (1.0ms)[0m  [1m[32mINSERT INTO "bands" ("name", "created_at", "updated_at") VALUES ($1, $2, $3) RETURNING "id"[0m  [["name", "Band_1"], ["created_at", "2019-07-27 01:22:58.266396"], ["updated_at", "2019-07-27 01:22:58.266396"]]
  ↳ db/seeds.rb:15
  [1m[35m (17.1ms)[0m  [1m[35mCOMMIT[0m
  ↳ db/seeds.rb:15
  [1m[35m (0.4ms)[0m  [1m[35mBEGIN[0m
  ↳ db/seeds.rb:15
  [1m[36mBand Create (1.0ms)[0m  [1m[32mINSERT INTO "bands" ("name", "created_at", "updated_at") VALUES ($1, $2, $3) RETURNING "id"[0m  [["name", "Band_2"], ["created_at", "2019-07-27 01:22:58.289785"], ["updated_at", "2019-07-27 01:22:58.289785"]]
  ↳ db/seeds.rb:15
  [1m[35m (4.3ms)[0m  [1m[35mCOMMIT[0m
  ↳ db/seeds.rb:15
  [1m[35m (0.3ms)[0m  [1m[35mBEGIN[0m
  ↳ db/seeds.rb:15
  [1m[36mBand Create (0.9ms)[0m  [1m[32mINSERT INTO "bands" ("name", "created_at", "updated_at") VALUES ($1, $2, $3) RETURNING "id"[0m  [["name", "Band_3"], ["created_at", "2019-07-27 01:22:58.300005"], ["updated_at", "2019-07-27 01:22:58.300005"]]
  ↳ db/seeds.rb:15
  [1m[35m (6.1ms)[0m  [1m[35mCOMMIT[0m
  ↳ db/seeds.rb:15
  [1m[35m (0.4ms)[0m  [1m[35mBEGIN[0m
  ↳ db/seeds.rb:15
  [1m[36mBand Create (0.9ms)[0m  [1m[32mINSERT INTO "bands" ("name", "created_at", "updated_at") VALUES ($1, $2, $3) RETURNING "id"[0m  [["name", "Name_4"], ["created_at", "2019-07-27 01:22:58.311558"], ["updated_at", "2019-07-27 01:22:58.311558"]]
  ↳ db/seeds.rb:15
  [1m[35m (5.7ms)[0m  [1m[35mCOMMIT[0m
  ↳ db/seeds.rb:15
  [1m[35m (0.4ms)[0m  [1m[35mBEGIN[0m
  ↳ db/seeds.rb:17
  [1m[36mAlbum Exists (0.7ms)[0m  [1m[34mSELECT  1 AS one FROM "albums" WHERE "albums"."album_id" = $1 AND "albums"."id" IS NULL LIMIT $2[0m  [["album_id", 1], ["LIMIT", 1]]
  ↳ db/seeds.rb:17
  [1m[36mBand Load (0.4ms)[0m  [1m[34mSELECT  "bands".* FROM "bands" WHERE "bands"."id" = $1 LIMIT $2[0m  [["id", 1], ["LIMIT", 1]]
  ↳ db/seeds.rb:17
  [1m[35m (0.3ms)[0m  [1m[31mROLLBACK[0m
  ↳ db/seeds.rb:17
  [1m[36mBand Load (0.5ms)[0m  [1m[34mSELECT "bands".* FROM "bands"[0m
  [1m[36mAlbum Load (1.4ms)[0m  [1m[34mSELECT "albums".* FROM "albums"[0m
  [1m[36mTrack Load (0.6ms)[0m  [1m[34mSELECT "tracks".* FROM "tracks"[0m
  [1m[36mBand Load (0.4ms)[0m  [1m[34mSELECT "bands".* FROM "bands"[0m
  [1m[36mTrack Load (0.5ms)[0m  [1m[34mSELECT "tracks".* FROM "tracks"[0m
  [1m[36mAlbum Load (2.0ms)[0m  [1m[34mSELECT "albums".* FROM "albums"[0m
  [1m[35m (0.3ms)[0m  [1m[35mBEGIN[0m
  [1m[36mTrack Exists (0.4ms)[0m  [1m[34mSELECT  1 AS one FROM "tracks" WHERE "tracks"."track_id" = $1 AND "tracks"."id" IS NULL LIMIT $2[0m  [["track_id", 2], ["LIMIT", 1]]
  [1m[36mTrack Exists (0.3ms)[0m  [1m[34mSELECT  1 AS one FROM "tracks" WHERE "tracks"."ord" = $1 AND "tracks"."id" IS NULL LIMIT $2[0m  [["ord", 1], ["LIMIT", 1]]
  [1m[36mAlbum Load (0.2ms)[0m  [1m[34mSELECT  "albums".* FROM "albums" WHERE "albums"."id" = $1 LIMIT $2[0m  [["id", 2], ["LIMIT", 1]]
  [1m[35m (0.1ms)[0m  [1m[31mROLLBACK[0m
  [1m[35m (0.4ms)[0m  [1m[35mBEGIN[0m
  [1m[36mAlbum Exists (0.7ms)[0m  [1m[34mSELECT  1 AS one FROM "albums" WHERE "albums"."album_id" = $1 AND "albums"."id" IS NULL LIMIT $2[0m  [["album_id", 1], ["LIMIT", 1]]
  [1m[36mBand Load (0.4ms)[0m  [1m[34mSELECT  "bands".* FROM "bands" WHERE "bands"."id" = $1 LIMIT $2[0m  [["id", 1], ["LIMIT", 1]]
  [1m[35m (0.2ms)[0m  [1m[31mROLLBACK[0m
  [1m[35m (0.4ms)[0m  [1m[34mSELECT "schema_migrations"."version" FROM "schema_migrations" ORDER BY "schema_migrations"."version" ASC[0m
  ↳ /var/lib/gems/2.5.0/gems/rake-12.3.3/lib/rake/task.rb:273
  [1m[36mTrack Load (0.4ms)[0m  [1m[34mSELECT "tracks".* FROM "tracks"[0m
  ↳ db/seeds.rb:11
  [1m[36mAlbum Load (0.3ms)[0m  [1m[34mSELECT "albums".* FROM "albums"[0m
  ↳ db/seeds.rb:12
  [1m[36mBand Load (0.3ms)[0m  [1m[34mSELECT "bands".* FROM "bands"[0m
  ↳ db/seeds.rb:13
  [1m[35m (0.1ms)[0m  [1m[35mBEGIN[0m
  ↳ db/seeds.rb:13
  [1m[36mBand Destroy (0.3ms)[0m  [1m[31mDELETE FROM "bands" WHERE "bands"."id" = $1[0m  [["id", 25]]
  ↳ db/seeds.rb:13
  [1m[35m (11.7ms)[0m  [1m[35mCOMMIT[0m
  ↳ db/seeds.rb:13
  [1m[35m (0.1ms)[0m  [1m[35mBEGIN[0m
  ↳ db/seeds.rb:13
  [1m[36mBand Destroy (0.2ms)[0m  [1m[31mDELETE FROM "bands" WHERE "bands"."id" = $1[0m  [["id", 26]]
  ↳ db/seeds.rb:13
  [1m[35m (10.2ms)[0m  [1m[35mCOMMIT[0m
  ↳ db/seeds.rb:13
  [1m[35m (0.2ms)[0m  [1m[35mBEGIN[0m
  ↳ db/seeds.rb:13
  [1m[36mBand Destroy (0.3ms)[0m  [1m[31mDELETE FROM "bands" WHERE "bands"."id" = $1[0m  [["id", 27]]
  ↳ db/seeds.rb:13
  [1m[35m (10.1ms)[0m  [1m[35mCOMMIT[0m
  ↳ db/seeds.rb:13
  [1m[35m (0.2ms)[0m  [1m[35mBEGIN[0m
  ↳ db/seeds.rb:13
  [1m[36mBand Destroy (0.3ms)[0m  [1m[31mDELETE FROM "bands" WHERE "bands"."id" = $1[0m  [["id", 28]]
  ↳ db/seeds.rb:13
  [1m[35m (9.8ms)[0m  [1m[35mCOMMIT[0m
  ↳ db/seeds.rb:13
  [1m[35m (0.2ms)[0m  [1m[35mBEGIN[0m
  ↳ db/seeds.rb:15
  [1m[36mBand Create (0.4ms)[0m  [1m[32mINSERT INTO "bands" ("name", "created_at", "updated_at") VALUES ($1, $2, $3) RETURNING "id"[0m  [["name", "Band_1"], ["created_at", "2019-07-27 01:33:56.809332"], ["updated_at", "2019-07-27 01:33:56.809332"]]
  ↳ db/seeds.rb:15
  [1m[35m (8.7ms)[0m  [1m[35mCOMMIT[0m
  ↳ db/seeds.rb:15
  [1m[35m (0.3ms)[0m  [1m[35mBEGIN[0m
  ↳ db/seeds.rb:15
  [1m[36mBand Create (0.4ms)[0m  [1m[32mINSERT INTO "bands" ("name", "created_at", "updated_at") VALUES ($1, $2, $3) RETURNING "id"[0m  [["name", "Band_2"], ["created_at", "2019-07-27 01:33:56.820476"], ["updated_at", "2019-07-27 01:33:56.820476"]]
  ↳ db/seeds.rb:15
  [1m[35m (8.5ms)[0m  [1m[35mCOMMIT[0m
  ↳ db/seeds.rb:15
  [1m[35m (0.2ms)[0m  [1m[35mBEGIN[0m
  ↳ db/seeds.rb:15
  [1m[36mBand Create (0.5ms)[0m  [1m[32mINSERT INTO "bands" ("name", "created_at", "updated_at") VALUES ($1, $2, $3) RETURNING "id"[0m  [["name", "Band_3"], ["created_at", "2019-07-27 01:33:56.831471"], ["updated_at", "2019-07-27 01:33:56.831471"]]
  ↳ db/seeds.rb:15
  [1m[35m (8.3ms)[0m  [1m[35mCOMMIT[0m
  ↳ db/seeds.rb:15
  [1m[35m (0.2ms)[0m  [1m[35mBEGIN[0m
  ↳ db/seeds.rb:15
  [1m[36mBand Create (0.8ms)[0m  [1m[32mINSERT INTO "bands" ("name", "created_at", "updated_at") VALUES ($1, $2, $3) RETURNING "id"[0m  [["name", "Name_4"], ["created_at", "2019-07-27 01:33:56.843559"], ["updated_at", "2019-07-27 01:33:56.843559"]]
  ↳ db/seeds.rb:15
  [1m[35m (6.5ms)[0m  [1m[35mCOMMIT[0m
  ↳ db/seeds.rb:15
  [1m[35m (0.5ms)[0m  [1m[35mBEGIN[0m
  ↳ db/seeds.rb:17
  [1m[36mBand Load (0.3ms)[0m  [1m[34mSELECT  "bands".* FROM "bands" WHERE "bands"."id" = $1 LIMIT $2[0m  [["id", 1], ["LIMIT", 1]]
  ↳ db/seeds.rb:17
  [1m[35m (0.2ms)[0m  [1m[31mROLLBACK[0m
  ↳ db/seeds.rb:17
  [1m[36mAlbum Load (0.6ms)[0m  [1m[34mSELECT "albums".* FROM "albums"[0m
